Determining if the Q_WS_WIN exist failed with the following output:
Change Dir: /home/rlara/projects/BoremoPrecios/build/CMakeFiles/CMakeTmp

Run Build Command:"/usr/bin/make" "cmTC_81874/fast"
/usr/bin/make -f CMakeFiles/cmTC_81874.dir/build.make CMakeFiles/cmTC_81874.dir/build
make[1]: Entering directory '/home/rlara/projects/BoremoPrecios/build/CMakeFiles/CMakeTmp'
Building CXX object CMakeFiles/cmTC_81874.dir/CheckSymbolExists.cxx.o
/usr/bin/c++    -I/usr/include/qt4   -o CMakeFiles/cmTC_81874.dir/CheckSymbolExists.cxx.o -c /home/rlara/projects/BoremoPrecios/build/CMakeFiles/CMakeTmp/CheckSymbolExists.cxx
/home/rlara/projects/BoremoPrecios/build/CMakeFiles/CMakeTmp/CheckSymbolExists.cxx: In function ‘int main(int, char**)’:
/home/rlara/projects/BoremoPrecios/build/CMakeFiles/CMakeTmp/CheckSymbolExists.cxx:8:19: error: ‘Q_WS_WIN’ was not declared in this scope
   return ((int*)(&Q_WS_WIN))[argc];
                   ^~~~~~~~
make[1]: *** [CMakeFiles/cmTC_81874.dir/build.make:66: CMakeFiles/cmTC_81874.dir/CheckSymbolExists.cxx.o] Error 1
make[1]: Leaving directory '/home/rlara/projects/BoremoPrecios/build/CMakeFiles/CMakeTmp'
make: *** [Makefile:126: cmTC_81874/fast] Error 2

File /home/rlara/projects/BoremoPrecios/build/CMakeFiles/CMakeTmp/CheckSymbolExists.cxx:
/* */
#include <QtCore/qglobal.h>

int main(int argc, char** argv)
{
  (void)argv;
#ifndef Q_WS_WIN
  return ((int*)(&Q_WS_WIN))[argc];
#else
  (void)argc;
  return 0;
#endif
}

Determining if the Q_WS_QWS exist failed with the following output:
Change Dir: /home/rlara/projects/BoremoPrecios/build/CMakeFiles/CMakeTmp

Run Build Command:"/usr/bin/make" "cmTC_afeea/fast"
/usr/bin/make -f CMakeFiles/cmTC_afeea.dir/build.make CMakeFiles/cmTC_afeea.dir/build
make[1]: Entering directory '/home/rlara/projects/BoremoPrecios/build/CMakeFiles/CMakeTmp'
Building CXX object CMakeFiles/cmTC_afeea.dir/CheckSymbolExists.cxx.o
/usr/bin/c++    -I/usr/include/qt4   -o CMakeFiles/cmTC_afeea.dir/CheckSymbolExists.cxx.o -c /home/rlara/projects/BoremoPrecios/build/CMakeFiles/CMakeTmp/CheckSymbolExists.cxx
/home/rlara/projects/BoremoPrecios/build/CMakeFiles/CMakeTmp/CheckSymbolExists.cxx: In function ‘int main(int, char**)’:
/home/rlara/projects/BoremoPrecios/build/CMakeFiles/CMakeTmp/CheckSymbolExists.cxx:8:19: error: ‘Q_WS_QWS’ was not declared in this scope
   return ((int*)(&Q_WS_QWS))[argc];
                   ^~~~~~~~
make[1]: *** [CMakeFiles/cmTC_afeea.dir/build.make:66: CMakeFiles/cmTC_afeea.dir/CheckSymbolExists.cxx.o] Error 1
make[1]: Leaving directory '/home/rlara/projects/BoremoPrecios/build/CMakeFiles/CMakeTmp'
make: *** [Makefile:126: cmTC_afeea/fast] Error 2

File /home/rlara/projects/BoremoPrecios/build/CMakeFiles/CMakeTmp/CheckSymbolExists.cxx:
/* */
#include <QtCore/qglobal.h>

int main(int argc, char** argv)
{
  (void)argv;
#ifndef Q_WS_QWS
  return ((int*)(&Q_WS_QWS))[argc];
#else
  (void)argc;
  return 0;
#endif
}

Determining if the Q_WS_MAC exist failed with the following output:
Change Dir: /home/rlara/projects/BoremoPrecios/build/CMakeFiles/CMakeTmp

Run Build Command:"/usr/bin/make" "cmTC_6866a/fast"
/usr/bin/make -f CMakeFiles/cmTC_6866a.dir/build.make CMakeFiles/cmTC_6866a.dir/build
make[1]: Entering directory '/home/rlara/projects/BoremoPrecios/build/CMakeFiles/CMakeTmp'
Building CXX object CMakeFiles/cmTC_6866a.dir/CheckSymbolExists.cxx.o
/usr/bin/c++    -I/usr/include/qt4   -o CMakeFiles/cmTC_6866a.dir/CheckSymbolExists.cxx.o -c /home/rlara/projects/BoremoPrecios/build/CMakeFiles/CMakeTmp/CheckSymbolExists.cxx
/home/rlara/projects/BoremoPrecios/build/CMakeFiles/CMakeTmp/CheckSymbolExists.cxx: In function ‘int main(int, char**)’:
/home/rlara/projects/BoremoPrecios/build/CMakeFiles/CMakeTmp/CheckSymbolExists.cxx:8:19: error: ‘Q_WS_MAC’ was not declared in this scope
   return ((int*)(&Q_WS_MAC))[argc];
                   ^~~~~~~~
make[1]: *** [CMakeFiles/cmTC_6866a.dir/build.make:66: CMakeFiles/cmTC_6866a.dir/CheckSymbolExists.cxx.o] Error 1
make[1]: Leaving directory '/home/rlara/projects/BoremoPrecios/build/CMakeFiles/CMakeTmp'
make: *** [Makefile:126: cmTC_6866a/fast] Error 2

File /home/rlara/projects/BoremoPrecios/build/CMakeFiles/CMakeTmp/CheckSymbolExists.cxx:
/* */
#include <QtCore/qglobal.h>

int main(int argc, char** argv)
{
  (void)argv;
#ifndef Q_WS_MAC
  return ((int*)(&Q_WS_MAC))[argc];
#else
  (void)argc;
  return 0;
#endif
}

